[2026-07-20T18:54:48.273Z] CHANGED: E-CertChile - E-CERTCHILE_CADENA_CERTIFICACION.zip (https://www.entidadacreditadora.gob.cl/wp-content/uploads/2010/11/E-CERTCHILE_CADENA_CERTIFICACION.zip)
[2026-07-20T18:54:48.858Z] CHANGED: E-CertChile - Ecertchile08022019.zip (http://www.entidadacreditadora.gob.cl/wp-content/uploads/2010/11/Ecertchile08022019.zip)
[2026-07-20T18:54:49.414Z] CHANGED: E-CertChile - Raices-E-Certchile-20231226.zip (https://www.entidadacreditadora.gob.cl/wp-content/uploads/2023/12/Raices-E-Certchile-20231226.zip)
[2026-07-20T18:54:50.057Z] CHANGED: Acepta.com - Acepta_CertificadosRaices_e_Intermedios.zip (https://www.entidadacreditadora.gob.cl/wp-content/uploads/2024/11/Acepta_CertificadosRaices_e_Intermedios.zip)
[2026-07-20T18:54:50.708Z] CHANGED: E-Sign - Certificados-Raiz-e-Intermedios-E-Sign-S.A-Feb2018.zip (https://www.entidadacreditadora.gob.cl/wp-content/uploads/2018/03/Certificados-Raiz-e-Intermedios-E-Sign-S.A-Feb2018.zip)
[2026-07-20T18:54:51.366Z] CHANGED: E-Sign - Certificados-Raiz-e-Intermedios-E-Sign-S.A-Dic2021.zip (https://www.entidadacreditadora.gob.cl/wp-content/uploads/2022/01/Certificados-Raiz-e-Intermedios-E-Sign-S.A-Dic2021.zip)
[2026-07-20T18:54:52.016Z] CHANGED: E-Sign - E-SIGN-S.A.zip (https://www.entidadacreditadora.gob.cl/wp-content/uploads/2025/06/E-SIGN-S.A.zip)
[2026-07-20T18:54:52.583Z] CHANGED: CertiNet - Certinet_CertificadosRaizIntermedios.zip (https://www.entidadacreditadora.gob.cl/wp-content/uploads/2018/03/Certinet_CertificadosRaizIntermedios.zip)
[2026-07-20T18:54:53.327Z] CHANGED: CertiNet - Certinet_CertificadosRaizIntermedios.zip (https://www.entidadacreditadora.gob.cl/wp-content/uploads/2010/11/Certinet_CertificadosRaizIntermedios.zip)
[2026-07-20T18:54:53.347Z] WARNING: failed to extract CertiNet - Certinet_CertificadosRaizIntermedios.zip: Command failed: unzip -o -q /var/folders/0c/dckfw8qd2x35b3091m50jqch0000gn/T/attestto-trust-monitor-TEcuyw/bundle.zip -d /var/folders/0c/dckfw8qd2x35b3091m50jqch0000gn/T/attestto-trust-monitor-TEcuyw/out
[2026-07-20T18:54:54.072Z] CHANGED: CertiNet - Certinet_CertificadosRaizIntermedios-1.zip (http://www.entidadacreditadora.gob.cl/wp-content/uploads/2010/11/Certinet_CertificadosRaizIntermedios-1.zip)
[2026-07-20T18:54:54.086Z] WARNING: failed to extract CertiNet - Certinet_CertificadosRaizIntermedios-1.zip: Command failed: unzip -o -q /var/folders/0c/dckfw8qd2x35b3091m50jqch0000gn/T/attestto-trust-monitor-HaEztX/bundle.zip -d /var/folders/0c/dckfw8qd2x35b3091m50jqch0000gn/T/attestto-trust-monitor-HaEztX/out
[2026-07-20T18:54:54.644Z] CHANGED: E-Partners - 2017-05-08-CertCA.zip (https://www.entidadacreditadora.gob.cl/wp-content/uploads/2017/05/2017-05-08-CertCA.zip)
[2026-07-20T18:54:55.221Z] CHANGED: IDok - CertificadosRaizIntermedios_IDok.zip (https://www.entidadacreditadora.gob.cl/wp-content/uploads/2018/04/CertificadosRaizIntermedios_IDok.zip)
[2026-07-20T18:54:55.795Z] CHANGED: Thomas Signe - THSC.zip (http://www.entidadacreditadora.gob.cl/wp-content/uploads/2020/04/THSC.zip)
[2026-07-20T18:54:56.455Z] CHANGED: Thomas Signe - THOMAS_SIGNE.zip (http://www.entidadacreditadora.gob.cl/wp-content/uploads/2025/06/THOMAS_SIGNE.zip)
[2026-07-20T18:54:57.021Z] CHANGED: Abancert - Abancert.zip (http://www.entidadacreditadora.gob.cl/wp-content/uploads/2022/03/Abancert.zip)
[2026-07-20T18:54:57.573Z] CHANGED: firmaDOX - Certificados_FirmaDox-2022.zip (http://www.entidadacreditadora.gob.cl/wp-content/uploads/2022/06/Certificados_FirmaDox-2022.zip)
[2026-07-20T18:54:58.135Z] CHANGED: e-Digital - Certificado-Raiz-e-Digital.zip (http://www.entidadacreditadora.gob.cl/wp-content/uploads/2022/10/Certificado-Raiz-e-Digital.zip)
[2026-07-20T18:54:58.697Z] CHANGED: Microsystem - Certificados_Microsystem_2023.zip (http://www.entidadacreditadora.gob.cl/wp-content/uploads/2023/03/Certificados_Microsystem_2023.zip)
[2026-07-20T18:54:59.336Z] CHANGED: Microsystem - MICROSYSTEM.zip (http://www.entidadacreditadora.gob.cl/wp-content/uploads/2025/06/MICROSYSTEM.zip)
[2026-07-20T18:54:59.912Z] CHANGED: Certificadora del Sur - raices.zip (http://www.entidadacreditadora.gob.cl/wp-content/uploads/2024/06/raices.zip)
[2026-07-20T18:55:00.571Z] CHANGED: Trust Service Provider SpA - Cadena-Confianza-TSP-SpA.zip (http://www.entidadacreditadora.gob.cl/wp-content/uploads/2026/06/Cadena-Confianza-TSP-SpA.zip)
